[15:38:01] [ServerMain/INFO]: Environment: Environment[sessionHost=https://sessionserver.mojang.com, servicesHost=https://api.minecraftservices.com, name=PROD]
[15:38:03] [ServerMain/INFO]: No existing world data, creating new world
[15:38:05] [ServerMain/INFO]: Loaded 1407 recipes
[15:38:05] [ServerMain/INFO]: Loaded 1520 advancements
[15:38:05] [Server thread/INFO]: Starting minecraft server version 1.21.7
[15:38:05] [Server thread/INFO]: Loading properties
[15:38:05] [Server thread/INFO]: Default game type: SURVIVAL
[15:38:05] [Server thread/INFO]: Generating keypair
[15:38:05] [Server thread/INFO]: Starting Minecraft server on *:25565
[15:38:05] [Server thread/INFO]: Using epoll channel type
[15:38:05] [Server thread/WARN]: **** SERVER IS RUNNING IN OFFLINE/INSECURE MODE!
[15:38:05] [Server thread/WARN]: The server will make no attempt to authenticate usernames. Beware.
[15:38:05] [Server thread/WARN]: While this makes the game possible to play without internet access, it also opens up the ability for hackers to connect with any username they choose.
[15:38:05] [Server thread/WARN]: To change this, set "online-mode" to "true" in the server.properties file.
[15:38:05] [Server thread/INFO]: Preparing level "world"
[15:38:19] [Server thread/INFO]: Preparing start region for dimension minecraft:overworld
[15:38:19] [Worker-Main-1/INFO]: Preparing spawn area: 2%
[15:38:20] [Worker-Main-1/INFO]: Preparing spawn area: 2%
[15:38:20] [Worker-Main-1/INFO]: Preparing spawn area: 2%
[15:38:21] [Worker-Main-1/INFO]: Preparing spawn area: 2%
[15:38:21] [Worker-Main-1/INFO]: Preparing spawn area: 2%
[15:38:22] [Worker-Main-1/INFO]: Preparing spawn area: 2%
[15:38:22] [Worker-Main-1/INFO]: Preparing spawn area: 2%
[15:38:23] [Worker-Main-1/INFO]: Preparing spawn area: 2%
[15:38:23] [Worker-Main-1/INFO]: Preparing spawn area: 2%
[15:38:24] [Worker-Main-1/INFO]: Preparing spawn area: 2%
[15:38:24] [Worker-Main-1/INFO]: Preparing spawn area: 2%
[15:38:25] [Worker-Main-1/INFO]: Preparing spawn area: 2%
[15:38:25] [Worker-Main-1/INFO]: Preparing spawn area: 2%
[15:38:26] [Worker-Main-1/INFO]: Preparing spawn area: 2%
[15:38:26] [Worker-Main-1/INFO]: Preparing spawn area: 2%
[15:38:27] [Worker-Main-1/INFO]: Preparing spawn area: 2%
[15:38:27] [Worker-Main-1/INFO]: Preparing spawn area: 2%
[15:38:28] [Worker-Main-1/INFO]: Preparing spawn area: 20%
[15:38:28] [Server thread/INFO]: Time elapsed: 8752 ms
[15:38:28] [Server thread/INFO]: Done (22.829s)! For help, type "help"
[15:39:28] [Server thread/INFO]: Server empty for 60 seconds, pausing
